<?xml version="1.0" encoding="UTF-8"?>
<!-- Generated by org.testng.reporters.JUnitReportReporter -->
<testsuite hostname="DESKTOP-A9ARH4A" failures="0" tests="1" name="com.Module.RightTemplate.Suspend_UnsuspendRightTemplate" time="71.991" errors="0" timestamp="10 Oct 2020 07:09:40 GMT">
  <testcase classname="com.Module.RightTemplate.Suspend_UnsuspendRightTemplate" name="SUSPEND_UNSUSPEND_RIGHT_TEMPLATE" time="71.991"/>
</testsuite> <!-- com.Module.RightTemplate.Suspend_UnsuspendRightTemplate -->
