<?xml version="1.0" encoding="UTF-8"?>
<!-- Generated by org.testng.reporters.JUnitReportReporter -->
<testsuite hostname="DESKTOP-A9ARH4A" failures="0" tests="1" name="com.Module.RightTemplate.UpdateRightTemplate" time="72.069" errors="0" timestamp="10 Oct 2020 07:09:40 GMT">
  <testcase classname="com.Module.RightTemplate.UpdateRightTemplate" name="UPDATE_RIGHT_TEMPLATE" time="72.069"/>
</testsuite> <!-- com.Module.RightTemplate.UpdateRightTemplate -->
