<?xml version="1.0" encoding="UTF-8"?>
<!-- Generated by org.testng.reporters.JUnitReportReporter -->
<testsuite hostname="DESKTOP-A9ARH4A" failures="0" tests="1" name="com.Module.RightTemplate.CreateRightTemplate" time="73.731" errors="0" timestamp="10 Oct 2020 07:09:40 GMT">
  <testcase classname="com.Module.RightTemplate.CreateRightTemplate" name="CREATE_RIGHT_TEMPLATE" time="73.731"/>
</testsuite> <!-- com.Module.RightTemplate.CreateRightTemplate -->
